[debug] [2023-03-03T03:22:18.008Z] ----------------------------------------------------------------------
[debug] [2023-03-03T03:22:18.012Z] Command:       /Users/azariahkusi-yeboah/.nvm/versions/node/v19.6.0/bin/node /Users/azariahkusi-yeboah/.nvm/versions/node/v19.6.0/bin/firebase deploy --only functions
[debug] [2023-03-03T03:22:18.013Z] CLI Version:   11.24.0
[debug] [2023-03-03T03:22:18.013Z] Platform:      darwin
[debug] [2023-03-03T03:22:18.014Z] Node Version:  v19.6.0
[debug] [2023-03-03T03:22:18.014Z] Time:          Fri Mar 03 2023 03:22:18 GMT+0000 (Greenwich Mean Time)
[debug] [2023-03-03T03:22:18.014Z] ----------------------------------------------------------------------
[debug] 
[debug] [2023-03-03T03:22:18.227Z] > command requires scopes: ["email","openid","https://www.googleapis.com/auth/cloudplatformprojects.readonly","https://www.googleapis.com/auth/firebase","https://www.googleapis.com/auth/cloud-platform"]
[debug] [2023-03-03T03:22:18.227Z] > authorizing via signed-in user (azkusi1@gmail.com)
[debug] [2023-03-03T03:22:18.228Z] [iam] checking project retail-assistant-demo for permissions ["cloudfunctions.functions.create","cloudfunctions.functions.delete","cloudfunctions.functions.get","cloudfunctions.functions.list","cloudfunctions.functions.update","cloudfunctions.operations.get","firebase.projects.get"]
[debug] [2023-03-03T03:22:18.230Z] >>> [apiv2][query] POST https://cloudresourcemanager.googleapis.com/v1/projects/retail-assistant-demo:testIamPermissions [none]
[debug] [2023-03-03T03:22:18.231Z] >>> [apiv2][(partial)header] POST https://cloudresourcemanager.googleapis.com/v1/projects/retail-assistant-demo:testIamPermissions x-goog-quota-user=projects/retail-assistant-demo
[debug] [2023-03-03T03:22:18.231Z] >>> [apiv2][body] POST https://cloudresourcemanager.googleapis.com/v1/projects/retail-assistant-demo:testIamPermissions {"permissions":["cloudfunctions.functions.create","cloudfunctions.functions.delete","cloudfunctions.functions.get","cloudfunctions.functions.list","cloudfunctions.functions.update","cloudfunctions.operations.get","firebase.projects.get"]}
[debug] [2023-03-03T03:22:19.103Z] <<< [apiv2][status] POST https://cloudresourcemanager.googleapis.com/v1/projects/retail-assistant-demo:testIamPermissions 200
[debug] [2023-03-03T03:22:19.103Z] <<< [apiv2][body] POST https://cloudresourcemanager.googleapis.com/v1/projects/retail-assistant-demo:testIamPermissions {"permissions":["cloudfunctions.functions.create","cloudfunctions.functions.delete","cloudfunctions.functions.get","cloudfunctions.functions.list","cloudfunctions.functions.update","cloudfunctions.operations.get","firebase.projects.get"]}
[debug] [2023-03-03T03:22:19.105Z] >>> [apiv2][query] POST https://iam.googleapis.com/v1/projects/retail-assistant-demo/serviceAccounts/retail-assistant-demo@appspot.gserviceaccount.com:testIamPermissions [none]
[debug] [2023-03-03T03:22:19.105Z] >>> [apiv2][body] POST https://iam.googleapis.com/v1/projects/retail-assistant-demo/serviceAccounts/retail-assistant-demo@appspot.gserviceaccount.com:testIamPermissions {"permissions":["iam.serviceAccounts.actAs"]}
[debug] [2023-03-03T03:22:19.284Z] <<< [apiv2][status] POST https://iam.googleapis.com/v1/projects/retail-assistant-demo/serviceAccounts/retail-assistant-demo@appspot.gserviceaccount.com:testIamPermissions 200
[debug] [2023-03-03T03:22:19.284Z] <<< [apiv2][body] POST https://iam.googleapis.com/v1/projects/retail-assistant-demo/serviceAccounts/retail-assistant-demo@appspot.gserviceaccount.com:testIamPermissions {"permissions":["iam.serviceAccounts.actAs"]}
[info] 
[info] === Deploying to 'retail-assistant-demo'...
[info] 
[info] i  deploying functions 
[debug] [2023-03-03T03:22:19.290Z] >>> [apiv2][query] GET https://firebase.googleapis.com/v1beta1/projects/retail-assistant-demo [none]
[debug] [2023-03-03T03:22:19.540Z] <<< [apiv2][status] GET https://firebase.googleapis.com/v1beta1/projects/retail-assistant-demo 200
[debug] [2023-03-03T03:22:19.540Z] <<< [apiv2][body] GET https://firebase.googleapis.com/v1beta1/projects/retail-assistant-demo {"projectId":"retail-assistant-demo","projectNumber":"313091990397","displayName":"retail-assistant-demo","name":"projects/retail-assistant-demo","resources":{"hostingSite":"retail-assistant-demo"},"state":"ACTIVE","etag":"1_e21838da-202c-4add-b0ea-e89fa6e98833"}
[info] i  functions: preparing codebase default for deployment 
[info] i  functions: ensuring required API cloudfunctions.googleapis.com is enabled... 
[info] i  functions: ensuring required API cloudbuild.googleapis.com is enabled... 
[info] i  artifactregistry: ensuring required API artifactregistry.googleapis.com is enabled... 
[debug] [2023-03-03T03:22:19.544Z] >>> [apiv2][query] GET https://serviceusage.googleapis.com/v1/projects/retail-assistant-demo/services/cloudfunctions.googleapis.com [none]
[debug] [2023-03-03T03:22:19.544Z] >>> [apiv2][(partial)header] GET https://serviceusage.googleapis.com/v1/projects/retail-assistant-demo/services/cloudfunctions.googleapis.com x-goog-quota-user=projects/retail-assistant-demo
[debug] [2023-03-03T03:22:19.547Z] >>> [apiv2][query] GET https://serviceusage.googleapis.com/v1/projects/retail-assistant-demo/services/runtimeconfig.googleapis.com [none]
[debug] [2023-03-03T03:22:19.547Z] >>> [apiv2][(partial)header] GET https://serviceusage.googleapis.com/v1/projects/retail-assistant-demo/services/runtimeconfig.googleapis.com x-goog-quota-user=projects/retail-assistant-demo
[debug] [2023-03-03T03:22:19.549Z] >>> [apiv2][query] GET https://serviceusage.googleapis.com/v1/projects/retail-assistant-demo/services/cloudbuild.googleapis.com [none]
[debug] [2023-03-03T03:22:19.549Z] >>> [apiv2][(partial)header] GET https://serviceusage.googleapis.com/v1/projects/retail-assistant-demo/services/cloudbuild.googleapis.com x-goog-quota-user=projects/retail-assistant-demo
[debug] [2023-03-03T03:22:19.551Z] >>> [apiv2][query] GET https://serviceusage.googleapis.com/v1/projects/retail-assistant-demo/services/artifactregistry.googleapis.com [none]
[debug] [2023-03-03T03:22:19.551Z] >>> [apiv2][(partial)header] GET https://serviceusage.googleapis.com/v1/projects/retail-assistant-demo/services/artifactregistry.googleapis.com x-goog-quota-user=projects/retail-assistant-demo
[debug] [2023-03-03T03:22:20.365Z] <<< [apiv2][status] GET https://serviceusage.googleapis.com/v1/projects/retail-assistant-demo/services/cloudfunctions.googleapis.com 200
[debug] [2023-03-03T03:22:20.365Z] <<< [apiv2][body] GET https://serviceusage.googleapis.com/v1/projects/retail-assistant-demo/services/cloudfunctions.googleapis.com [omitted]
[info] ✔  functions: required API cloudfunctions.googleapis.com is enabled 
[debug] [2023-03-03T03:22:20.367Z] <<< [apiv2][status] GET https://serviceusage.googleapis.com/v1/projects/retail-assistant-demo/services/artifactregistry.googleapis.com 200
[debug] [2023-03-03T03:22:20.368Z] <<< [apiv2][body] GET https://serviceusage.googleapis.com/v1/projects/retail-assistant-demo/services/artifactregistry.googleapis.com [omitted]
[info] ✔  artifactregistry: required API artifactregistry.googleapis.com is enabled 
[debug] [2023-03-03T03:22:20.390Z] <<< [apiv2][status] GET https://serviceusage.googleapis.com/v1/projects/retail-assistant-demo/services/runtimeconfig.googleapis.com 200
[debug] [2023-03-03T03:22:20.390Z] <<< [apiv2][body] GET https://serviceusage.googleapis.com/v1/projects/retail-assistant-demo/services/runtimeconfig.googleapis.com [omitted]
[debug] [2023-03-03T03:22:20.396Z] <<< [apiv2][status] GET https://serviceusage.googleapis.com/v1/projects/retail-assistant-demo/services/cloudbuild.googleapis.com 200
[debug] [2023-03-03T03:22:20.397Z] <<< [apiv2][body] GET https://serviceusage.googleapis.com/v1/projects/retail-assistant-demo/services/cloudbuild.googleapis.com [omitted]
[info] ✔  functions: required API cloudbuild.googleapis.com is enabled 
[debug] [2023-03-03T03:22:20.397Z] >>> [apiv2][query] GET https://firebase.googleapis.com/v1beta1/projects/retail-assistant-demo/adminSdkConfig [none]
[debug] [2023-03-03T03:22:20.606Z] <<< [apiv2][status] GET https://firebase.googleapis.com/v1beta1/projects/retail-assistant-demo/adminSdkConfig 200
[debug] [2023-03-03T03:22:20.607Z] <<< [apiv2][body] GET https://firebase.googleapis.com/v1beta1/projects/retail-assistant-demo/adminSdkConfig {"projectId":"retail-assistant-demo","storageBucket":"retail-assistant-demo.appspot.com"}
[debug] [2023-03-03T03:22:20.607Z] >>> [apiv2][query] GET https://runtimeconfig.googleapis.com/v1beta1/projects/retail-assistant-demo/configs [none]
[debug] [2023-03-03T03:22:20.921Z] <<< [apiv2][status] GET https://runtimeconfig.googleapis.com/v1beta1/projects/retail-assistant-demo/configs 200
[debug] [2023-03-03T03:22:20.921Z] <<< [apiv2][body] GET https://runtimeconfig.googleapis.com/v1beta1/projects/retail-assistant-demo/configs {}
[debug] [2023-03-03T03:22:20.923Z] Validating nodejs source
[debug] [2023-03-03T03:22:23.406Z] > [functions] package.json contents: {
  "name": "functions",
  "description": "Cloud Functions for Firebase",
  "scripts": {
    "serve": "firebase emulators:start --only functions",
    "shell": "firebase functions:shell",
    "start": "npm run shell",
    "deploy": "firebase deploy --only functions",
    "logs": "firebase functions:log"
  },
  "engines": {
    "node": "16"
  },
  "main": "index.js",
  "dependencies": {
    "axios": "^1.3.4",
    "compute-cosine-similarity": "^1.0.0",
    "cors": "^2.8.5",
    "firebase-admin": "^11.5.0",
    "firebase-functions": "^4.2.0"
  },
  "devDependencies": {
    "firebase-functions-test": "^3.0.0"
  },
  "private": true
}
[debug] [2023-03-03T03:22:23.407Z] Building nodejs source
[debug] [2023-03-03T03:22:23.409Z] Could not find functions.yaml. Must use http discovery
[debug] [2023-03-03T03:22:23.426Z] Found firebase-functions binary at '/Users/azariahkusi-yeboah/Desktop/retail_ai_assistant_v2/functions/node_modules/.bin/firebase-functions'
[debug] [2023-03-03T03:22:24.037Z] Serving at port 8012

[debug] [2023-03-03T03:22:25.064Z] Got response from /__/functions.yaml {"endpoints":{"search":{"platform":"gcfv1","availableMemoryMb":null,"timeoutSeconds":null,"minInstances":null,"maxInstances":null,"ingressSettings":null,"serviceAccountEmail":null,"vpc":null,"httpsTrigger":{},"entryPoint":"search"},"getPersonalisedProducts":{"platform":"gcfv1","availableMemoryMb":null,"timeoutSeconds":null,"minInstances":null,"maxInstances":null,"ingressSettings":null,"serviceAccountEmail":null,"vpc":null,"httpsTrigger":{},"entryPoint":"getPersonalisedProducts"}},"specVersion":"v1alpha1","requiredAPIs":[]}
[debug] [2023-03-03T03:22:25.073Z] shutdown requested via /__/quitquitquit

[info] i  functions: preparing functions directory for uploading... 
[info] i  functions: packaged /Users/azariahkusi-yeboah/Desktop/retail_ai_assistant_v2/functions (113.19 KB) for uploading 
[debug] [2023-03-03T03:22:25.144Z] >>> [apiv2][query] GET https://cloudfunctions.googleapis.com/v1/projects/retail-assistant-demo/locations/-/functions [none]
[debug] [2023-03-03T03:22:25.625Z] <<< [apiv2][status] GET https://cloudfunctions.googleapis.com/v1/projects/retail-assistant-demo/locations/-/functions 200
[debug] [2023-03-03T03:22:25.625Z] <<< [apiv2][body] GET https://cloudfunctions.googleapis.com/v1/projects/retail-assistant-demo/locations/-/functions {"functions":[{"name":"projects/retail-assistant-demo/locations/us-central1/functions/getPersonalisedProducts","httpsTrigger":{"url":"https://us-central1-retail-assistant-demo.cloudfunctions.net/getPersonalisedProducts","securityLevel":"SECURE_ALWAYS"},"status":"ACTIVE","entryPoint":"getPersonalisedProducts","timeout":"60s","availableMemoryMb":256,"serviceAccountEmail":"retail-assistant-demo@appspot.gserviceaccount.com","updateTime":"2023-03-03T03:07:24.587Z","versionId":"1","labels":{"deployment-tool":"cli-firebase","firebase-functions-hash":"59a049c8cbfb486087f32f46d4f8c6e8baebc595"},"sourceUploadUrl":"https://storage.googleapis.com/uploads-509324662169.us-central1.cloudfunctions.appspot.com/642e4834-4727-4f1c-96f2-036f20f5f032.zip","environmentVariables":{"FIREBASE_CONFIG":"{\"projectId\":\"retail-assistant-demo\",\"storageBucket\":\"retail-assistant-demo.appspot.com\"}","GCLOUD_PROJECT":"retail-assistant-demo","EVENTARC_CLOUD_EVENT_SOURCE":"projects/retail-assistant-demo/locations/us-central1/functions/getPersonalisedProducts"},"runtime":"nodejs16","ingressSettings":"ALLOW_ALL","buildId":"ce043f23-1eee-4eee-b7d1-df0d21efdc2d","buildName":"projects/313091990397/locations/us-central1/builds/ce043f23-1eee-4eee-b7d1-df0d21efdc2d","dockerRegistry":"ARTIFACT_REGISTRY"},{"name":"projects/retail-assistant-demo/locations/us-central1/functions/search","httpsTrigger":{"url":"https://us-central1-retail-assistant-demo.cloudfunctions.net/search","securityLevel":"SECURE_ALWAYS"},"status":"ACTIVE","entryPoint":"search","timeout":"60s","availableMemoryMb":256,"serviceAccountEmail":"retail-assistant-demo@appspot.gserviceaccount.com","updateTime":"2023-03-03T03:07:13.915Z","versionId":"1","labels":{"deployment-tool":"cli-firebase","firebase-functions-hash":"59a049c8cbfb486087f32f46d4f8c6e8baebc595"},"sourceUploadUrl":"https://storage.googleapis.com/uploads-509324662169.us-central1.cloudfunctions.appspot.com/642e4834-4727-4f1c-96f2-036f20f5f032.zip","environmentVariables":{"FIREBASE_CONFIG":"{\"projectId\":\"retail-assistant-demo\",\"storageBucket\":\"retail-assistant-demo.appspot.com\"}","GCLOUD_PROJECT":"retail-assistant-demo","EVENTARC_CLOUD_EVENT_SOURCE":"projects/retail-assistant-demo/locations/us-central1/functions/getPersonalisedProducts"},"runtime":"nodejs16","ingressSettings":"ALLOW_ALL","buildId":"ce043f23-1eee-4eee-b7d1-df0d21efdc2d","buildName":"projects/313091990397/locations/us-central1/builds/ce043f23-1eee-4eee-b7d1-df0d21efdc2d","dockerRegistry":"ARTIFACT_REGISTRY"}]}
[debug] [2023-03-03T03:22:25.627Z] >>> [apiv2][query] GET https://cloudfunctions.googleapis.com/v2/projects/retail-assistant-demo/locations/-/functions filter=environment%3D%22GEN_2%22
[debug] [2023-03-03T03:22:26.678Z] <<< [apiv2][status] GET https://cloudfunctions.googleapis.com/v2/projects/retail-assistant-demo/locations/-/functions 200
[debug] [2023-03-03T03:22:26.679Z] <<< [apiv2][body] GET https://cloudfunctions.googleapis.com/v2/projects/retail-assistant-demo/locations/-/functions {}
[debug] [2023-03-03T03:22:26.684Z] >>> [apiv2][query] GET https://firebase.googleapis.com/v1beta1/projects/retail-assistant-demo [none]
[debug] [2023-03-03T03:22:26.902Z] <<< [apiv2][status] GET https://firebase.googleapis.com/v1beta1/projects/retail-assistant-demo 200
[debug] [2023-03-03T03:22:26.902Z] <<< [apiv2][body] GET https://firebase.googleapis.com/v1beta1/projects/retail-assistant-demo {"projectId":"retail-assistant-demo","projectNumber":"313091990397","displayName":"retail-assistant-demo","name":"projects/retail-assistant-demo","resources":{"hostingSite":"retail-assistant-demo"},"state":"ACTIVE","etag":"1_e21838da-202c-4add-b0ea-e89fa6e98833"}
[debug] [2023-03-03T03:22:26.903Z] >>> [apiv2][query] GET https://firebase.googleapis.com/v1beta1/projects/retail-assistant-demo [none]
[debug] [2023-03-03T03:22:27.087Z] <<< [apiv2][status] GET https://firebase.googleapis.com/v1beta1/projects/retail-assistant-demo 200
[debug] [2023-03-03T03:22:27.087Z] <<< [apiv2][body] GET https://firebase.googleapis.com/v1beta1/projects/retail-assistant-demo {"projectId":"retail-assistant-demo","projectNumber":"313091990397","displayName":"retail-assistant-demo","name":"projects/retail-assistant-demo","resources":{"hostingSite":"retail-assistant-demo"},"state":"ACTIVE","etag":"1_e21838da-202c-4add-b0ea-e89fa6e98833"}
[debug] [2023-03-03T03:22:27.089Z] >>> [apiv2][query] POST https://cloudfunctions.googleapis.com/v1/projects/retail-assistant-demo/locations/us-central1/functions:generateUploadUrl [none]
[debug] [2023-03-03T03:22:27.090Z] >>> [apiv2][body] POST https://cloudfunctions.googleapis.com/v1/projects/retail-assistant-demo/locations/us-central1/functions:generateUploadUrl {}
[debug] [2023-03-03T03:22:27.626Z] <<< [apiv2][status] POST https://cloudfunctions.googleapis.com/v1/projects/retail-assistant-demo/locations/us-central1/functions:generateUploadUrl 200
[debug] [2023-03-03T03:22:27.626Z] <<< [apiv2][body] POST https://cloudfunctions.googleapis.com/v1/projects/retail-assistant-demo/locations/us-central1/functions:generateUploadUrl {"uploadUrl":"https://storage.googleapis.com/uploads-509324662169.us-central1.cloudfunctions.appspot.com/70429246-ad8c-4ed2-8aa1-d2871d313b87.zip?GoogleAccessId=service-313091990397@gcf-admin-robot.iam.gserviceaccount.com&Expires=1677815547&Signature=hh2YmEsenM3FnB3EVanu%2BJwFQtorzN0vhba4YUSfckyjDTNfc5c%2BcGRpquaeiyFg8yvLXXVIwPTFhc%2Bq24JUbvKpbL7OQy6QN6%2BLN9ekEngDpCjG7uTv5zj%2BTitiX4L4AmuF0CfQm1JqpyZ3n9fjEEsgHeU0t4CVcilMbRwHWwAqx5%2FZ4LEdSS3ejH8U3eB5Og927lAM9CFPqPg0GrVCSOGmZILs8PnpA2oT7GC6nykWdOD55JAmnNGf5unF16pvvNZAVdB%2Bn%2F7oBdNyhiSD6rFa5zsBCn57RnxNOmgrQE0QfMGdZ1rrz0tdh5K%2BpGEhB%2F0WLZmS2c1FlxUu5tVAtw%3D%3D"}
[debug] [2023-03-03T03:22:27.628Z] >>> [apiv2][query] PUT https://storage.googleapis.com/uploads-509324662169.us-central1.cloudfunctions.appspot.com/70429246-ad8c-4ed2-8aa1-d2871d313b87.zip GoogleAccessId=service-313091990397%40gcf-admin-robot.iam.gserviceaccount.com&Expires=1677815547&Signature=hh2YmEsenM3FnB3EVanu%2BJwFQtorzN0vhba4YUSfckyjDTNfc5c%2BcGRpquaeiyFg8yvLXXVIwPTFhc%2Bq24JUbvKpbL7OQy6QN6%2BLN9ekEngDpCjG7uTv5zj%2BTitiX4L4AmuF0CfQm1JqpyZ3n9fjEEsgHeU0t4CVcilMbRwHWwAqx5%2FZ4LEdSS3ejH8U3eB5Og927lAM9CFPqPg0GrVCSOGmZILs8PnpA2oT7GC6nykWdOD55JAmnNGf5unF16pvvNZAVdB%2Bn%2F7oBdNyhiSD6rFa5zsBCn57RnxNOmgrQE0QfMGdZ1rrz0tdh5K%2BpGEhB%2F0WLZmS2c1FlxUu5tVAtw%3D%3D
[debug] [2023-03-03T03:22:27.628Z] >>> [apiv2][body] PUT https://storage.googleapis.com/uploads-509324662169.us-central1.cloudfunctions.appspot.com/70429246-ad8c-4ed2-8aa1-d2871d313b87.zip [stream]
[debug] [2023-03-03T03:22:28.167Z] <<< [apiv2][status] PUT https://storage.googleapis.com/uploads-509324662169.us-central1.cloudfunctions.appspot.com/70429246-ad8c-4ed2-8aa1-d2871d313b87.zip 200
[debug] [2023-03-03T03:22:28.168Z] <<< [apiv2][body] PUT https://storage.googleapis.com/uploads-509324662169.us-central1.cloudfunctions.appspot.com/70429246-ad8c-4ed2-8aa1-d2871d313b87.zip [omitted]
[info] ✔  functions: functions folder uploaded successfully 
[info] i  functions: updating Node.js 16 function search(us-central1)... 
[info] i  functions: updating Node.js 16 function getPersonalisedProducts(us-central1)... 
[debug] [2023-03-03T03:22:28.179Z] >>> [apiv2][query] PATCH https://cloudfunctions.googleapis.com/v1/projects/retail-assistant-demo/locations/us-central1/functions/search updateMask=name%2CsourceUploadUrl%2CentryPoint%2Cruntime%2CdockerRegistry%2Clabels%2ChttpsTrigger.securityLevel%2CminInstances%2CmaxInstances%2CingressSettings%2CenvironmentVariables%2CserviceAccountEmail%2CavailableMemoryMb%2Ctimeout%2CvpcConnector%2CvpcConnectorEgressSettings%2CsourceToken
[debug] [2023-03-03T03:22:28.179Z] >>> [apiv2][body] PATCH https://cloudfunctions.googleapis.com/v1/projects/retail-assistant-demo/locations/us-central1/functions/search {"name":"projects/retail-assistant-demo/locations/us-central1/functions/search","sourceUploadUrl":"https://storage.googleapis.com/uploads-509324662169.us-central1.cloudfunctions.appspot.com/70429246-ad8c-4ed2-8aa1-d2871d313b87.zip?GoogleAccessId=service-313091990397@gcf-admin-robot.iam.gserviceaccount.com&Expires=1677815547&Signature=hh2YmEsenM3FnB3EVanu%2BJwFQtorzN0vhba4YUSfckyjDTNfc5c%2BcGRpquaeiyFg8yvLXXVIwPTFhc%2Bq24JUbvKpbL7OQy6QN6%2BLN9ekEngDpCjG7uTv5zj%2BTitiX4L4AmuF0CfQm1JqpyZ3n9fjEEsgHeU0t4CVcilMbRwHWwAqx5%2FZ4LEdSS3ejH8U3eB5Og927lAM9CFPqPg0GrVCSOGmZILs8PnpA2oT7GC6nykWdOD55JAmnNGf5unF16pvvNZAVdB%2Bn%2F7oBdNyhiSD6rFa5zsBCn57RnxNOmgrQE0QfMGdZ1rrz0tdh5K%2BpGEhB%2F0WLZmS2c1FlxUu5tVAtw%3D%3D","entryPoint":"search","runtime":"nodejs16","dockerRegistry":"ARTIFACT_REGISTRY","labels":{"deployment-tool":"cli-firebase","firebase-functions-hash":"2650db3a760cbaa7ef7ea4afa616a29f32803518"},"httpsTrigger":{"securityLevel":"SECURE_ALWAYS"},"minInstances":null,"maxInstances":null,"ingressSettings":null,"environmentVariables":{"FIREBASE_CONFIG":"{\"projectId\":\"retail-assistant-demo\",\"storageBucket\":\"retail-assistant-demo.appspot.com\"}","GCLOUD_PROJECT":"retail-assistant-demo","EVENTARC_CLOUD_EVENT_SOURCE":"projects/retail-assistant-demo/locations/us-central1/functions/getPersonalisedProducts"},"serviceAccountEmail":null,"availableMemoryMb":null,"timeout":null,"vpcConnector":null,"vpcConnectorEgressSettings":null}
[debug] [2023-03-03T03:22:28.668Z] <<< [apiv2][status] PATCH https://cloudfunctions.googleapis.com/v1/projects/retail-assistant-demo/locations/us-central1/functions/search 200
[debug] [2023-03-03T03:22:28.668Z] <<< [apiv2][body] PATCH https://cloudfunctions.googleapis.com/v1/projects/retail-assistant-demo/locations/us-central1/functions/search {"name":"operations/cmV0YWlsLWFzc2lzdGFudC1kZW1vL3VzLWNlbnRyYWwxL3NlYXJjaC9BLXp2VDVtdjlCcw","metadata":{"@type":"type.googleapis.com/google.cloud.functions.v1.OperationMetadataV1","target":"projects/retail-assistant-demo/locations/us-central1/functions/search","type":"UPDATE_FUNCTION","request":{"@type":"type.googleapis.com/google.cloud.functions.v1.CloudFunction","name":"projects/retail-assistant-demo/locations/us-central1/functions/search","httpsTrigger":{"url":"https://us-central1-retail-assistant-demo.cloudfunctions.net/search","securityLevel":"SECURE_ALWAYS"},"status":"ACTIVE","entryPoint":"search","updateTime":"2023-03-03T03:07:13.915Z","versionId":"1","labels":{"deployment-tool":"cli-firebase","firebase-functions-hash":"2650db3a760cbaa7ef7ea4afa616a29f32803518"},"sourceUploadUrl":"https://storage.googleapis.com/uploads-509324662169.us-central1.cloudfunctions.appspot.com/70429246-ad8c-4ed2-8aa1-d2871d313b87.zip?GoogleAccessId=service-313091990397@gcf-admin-robot.iam.gserviceaccount.com&Expires=1677815547&Signature=hh2YmEsenM3FnB3EVanu%2BJwFQtorzN0vhba4YUSfckyjDTNfc5c%2BcGRpquaeiyFg8yvLXXVIwPTFhc%2Bq24JUbvKpbL7OQy6QN6%2BLN9ekEngDpCjG7uTv5zj%2BTitiX4L4AmuF0CfQm1JqpyZ3n9fjEEsgHeU0t4CVcilMbRwHWwAqx5%2FZ4LEdSS3ejH8U3eB5Og927lAM9CFPqPg0GrVCSOGmZILs8PnpA2oT7GC6nykWdOD55JAmnNGf5unF16pvvNZAVdB%2Bn%2F7oBdNyhiSD6rFa5zsBCn57RnxNOmgrQE0QfMGdZ1rrz0tdh5K%2BpGEhB%2F0WLZmS2c1FlxUu5tVAtw%3D%3D","environmentVariables":{"FIREBASE_CONFIG":"{\"projectId\":\"retail-assistant-demo\",\"storageBucket\":\"retail-assistant-demo.appspot.com\"}","GCLOUD_PROJECT":"retail-assistant-demo","EVENTARC_CLOUD_EVENT_SOURCE":"projects/retail-assistant-demo/locations/us-central1/functions/getPersonalisedProducts"},"runtime":"nodejs16","buildId":"ce043f23-1eee-4eee-b7d1-df0d21efdc2d","buildName":"projects/313091990397/locations/us-central1/builds/ce043f23-1eee-4eee-b7d1-df0d21efdc2d","dockerRegistry":"ARTIFACT_REGISTRY"},"versionId":"2","updateTime":"2023-03-03T03:22:28Z"}}
[debug] [2023-03-03T03:22:28.669Z] >>> [apiv2][query] GET https://cloudfunctions.googleapis.com/v1/operations/cmV0YWlsLWFzc2lzdGFudC1kZW1vL3VzLWNlbnRyYWwxL3NlYXJjaC9BLXp2VDVtdjlCcw [none]
[debug] [2023-03-03T03:22:28.852Z] <<< [apiv2][status] GET https://cloudfunctions.googleapis.com/v1/operations/cmV0YWlsLWFzc2lzdGFudC1kZW1vL3VzLWNlbnRyYWwxL3NlYXJjaC9BLXp2VDVtdjlCcw 200
[debug] [2023-03-03T03:22:28.853Z] <<< [apiv2][body] GET https://cloudfunctions.googleapis.com/v1/operations/cmV0YWlsLWFzc2lzdGFudC1kZW1vL3VzLWNlbnRyYWwxL3NlYXJjaC9BLXp2VDVtdjlCcw {"name":"operations/cmV0YWlsLWFzc2lzdGFudC1kZW1vL3VzLWNlbnRyYWwxL3NlYXJjaC9BLXp2VDVtdjlCcw","metadata":{"@type":"type.googleapis.com/google.cloud.functions.v1.OperationMetadataV1","target":"projects/retail-assistant-demo/locations/us-central1/functions/search","type":"UPDATE_FUNCTION","request":{"@type":"type.googleapis.com/google.cloud.functions.v1.CloudFunction","name":"projects/retail-assistant-demo/locations/us-central1/functions/search","httpsTrigger":{"url":"https://us-central1-retail-assistant-demo.cloudfunctions.net/search","securityLevel":"SECURE_ALWAYS"},"status":"ACTIVE","entryPoint":"search","updateTime":"2023-03-03T03:07:13.915Z","versionId":"1","labels":{"deployment-tool":"cli-firebase","firebase-functions-hash":"2650db3a760cbaa7ef7ea4afa616a29f32803518"},"sourceUploadUrl":"https://storage.googleapis.com/uploads-509324662169.us-central1.cloudfunctions.appspot.com/70429246-ad8c-4ed2-8aa1-d2871d313b87.zip?GoogleAccessId=service-313091990397@gcf-admin-robot.iam.gserviceaccount.com&Expires=1677815547&Signature=hh2YmEsenM3FnB3EVanu%2BJwFQtorzN0vhba4YUSfckyjDTNfc5c%2BcGRpquaeiyFg8yvLXXVIwPTFhc%2Bq24JUbvKpbL7OQy6QN6%2BLN9ekEngDpCjG7uTv5zj%2BTitiX4L4AmuF0CfQm1JqpyZ3n9fjEEsgHeU0t4CVcilMbRwHWwAqx5%2FZ4LEdSS3ejH8U3eB5Og927lAM9CFPqPg0GrVCSOGmZILs8PnpA2oT7GC6nykWdOD55JAmnNGf5unF16pvvNZAVdB%2Bn%2F7oBdNyhiSD6rFa5zsBCn57RnxNOmgrQE0QfMGdZ1rrz0tdh5K%2BpGEhB%2F0WLZmS2c1FlxUu5tVAtw%3D%3D","environmentVariables":{"FIREBASE_CONFIG":"{\"projectId\":\"retail-assistant-demo\",\"storageBucket\":\"retail-assistant-demo.appspot.com\"}","GCLOUD_PROJECT":"retail-assistant-demo","EVENTARC_CLOUD_EVENT_SOURCE":"projects/retail-assistant-demo/locations/us-central1/functions/getPersonalisedProducts"},"runtime":"nodejs16","buildId":"ce043f23-1eee-4eee-b7d1-df0d21efdc2d","buildName":"projects/313091990397/locations/us-central1/builds/ce043f23-1eee-4eee-b7d1-df0d21efdc2d","dockerRegistry":"ARTIFACT_REGISTRY"},"versionId":"2","updateTime":"2023-03-03T03:22:28Z"}}
[debug] [2023-03-03T03:22:29.354Z] [update-default-us-central1-search] Retrying task index 0
[debug] [2023-03-03T03:22:29.355Z] >>> [apiv2][query] GET https://cloudfunctions.googleapis.com/v1/operations/cmV0YWlsLWFzc2lzdGFudC1kZW1vL3VzLWNlbnRyYWwxL3NlYXJjaC9BLXp2VDVtdjlCcw [none]
[debug] [2023-03-03T03:22:29.527Z] <<< [apiv2][status] GET https://cloudfunctions.googleapis.com/v1/operations/cmV0YWlsLWFzc2lzdGFudC1kZW1vL3VzLWNlbnRyYWwxL3NlYXJjaC9BLXp2VDVtdjlCcw 200
[debug] [2023-03-03T03:22:29.527Z] <<< [apiv2][body] GET https://cloudfunctions.googleapis.com/v1/operations/cmV0YWlsLWFzc2lzdGFudC1kZW1vL3VzLWNlbnRyYWwxL3NlYXJjaC9BLXp2VDVtdjlCcw {"name":"operations/cmV0YWlsLWFzc2lzdGFudC1kZW1vL3VzLWNlbnRyYWwxL3NlYXJjaC9BLXp2VDVtdjlCcw","metadata":{"@type":"type.googleapis.com/google.cloud.functions.v1.OperationMetadataV1","target":"projects/retail-assistant-demo/locations/us-central1/functions/search","type":"UPDATE_FUNCTION","request":{"@type":"type.googleapis.com/google.cloud.functions.v1.CloudFunction","name":"projects/retail-assistant-demo/locations/us-central1/functions/search","httpsTrigger":{"url":"https://us-central1-retail-assistant-demo.cloudfunctions.net/search","securityLevel":"SECURE_ALWAYS"},"status":"ACTIVE","entryPoint":"search","updateTime":"2023-03-03T03:07:13.915Z","versionId":"1","labels":{"deployment-tool":"cli-firebase","firebase-functions-hash":"2650db3a760cbaa7ef7ea4afa616a29f32803518"},"sourceUploadUrl":"https://storage.googleapis.com/uploads-509324662169.us-central1.cloudfunctions.appspot.com/70429246-ad8c-4ed2-8aa1-d2871d313b87.zip?GoogleAccessId=service-313091990397@gcf-admin-robot.iam.gserviceaccount.com&Expires=1677815547&Signature=hh2YmEsenM3FnB3EVanu%2BJwFQtorzN0vhba4YUSfckyjDTNfc5c%2BcGRpquaeiyFg8yvLXXVIwPTFhc%2Bq24JUbvKpbL7OQy6QN6%2BLN9ekEngDpCjG7uTv5zj%2BTitiX4L4AmuF0CfQm1JqpyZ3n9fjEEsgHeU0t4CVcilMbRwHWwAqx5%2FZ4LEdSS3ejH8U3eB5Og927lAM9CFPqPg0GrVCSOGmZILs8PnpA2oT7GC6nykWdOD55JAmnNGf5unF16pvvNZAVdB%2Bn%2F7oBdNyhiSD6rFa5zsBCn57RnxNOmgrQE0QfMGdZ1rrz0tdh5K%2BpGEhB%2F0WLZmS2c1FlxUu5tVAtw%3D%3D","environmentVariables":{"FIREBASE_CONFIG":"{\"projectId\":\"retail-assistant-demo\",\"storageBucket\":\"retail-assistant-demo.appspot.com\"}","GCLOUD_PROJECT":"retail-assistant-demo","EVENTARC_CLOUD_EVENT_SOURCE":"projects/retail-assistant-demo/locations/us-central1/functions/getPersonalisedProducts"},"runtime":"nodejs16","buildId":"ce043f23-1eee-4eee-b7d1-df0d21efdc2d","buildName":"projects/313091990397/locations/us-central1/builds/ce043f23-1eee-4eee-b7d1-df0d21efdc2d","dockerRegistry":"ARTIFACT_REGISTRY"},"versionId":"2","updateTime":"2023-03-03T03:22:28Z"}}
[debug] [2023-03-03T03:22:30.531Z] [update-default-us-central1-search] Retrying task index 0
[debug] [2023-03-03T03:22:30.532Z] >>> [apiv2][query] GET https://cloudfunctions.googleapis.com/v1/operations/cmV0YWlsLWFzc2lzdGFudC1kZW1vL3VzLWNlbnRyYWwxL3NlYXJjaC9BLXp2VDVtdjlCcw [none]
[debug] [2023-03-03T03:22:30.694Z] <<< [apiv2][status] GET https://cloudfunctions.googleapis.com/v1/operations/cmV0YWlsLWFzc2lzdGFudC1kZW1vL3VzLWNlbnRyYWwxL3NlYXJjaC9BLXp2VDVtdjlCcw 200
[debug] [2023-03-03T03:22:30.694Z] <<< [apiv2][body] GET https://cloudfunctions.googleapis.com/v1/operations/cmV0YWlsLWFzc2lzdGFudC1kZW1vL3VzLWNlbnRyYWwxL3NlYXJjaC9BLXp2VDVtdjlCcw {"name":"operations/cmV0YWlsLWFzc2lzdGFudC1kZW1vL3VzLWNlbnRyYWwxL3NlYXJjaC9BLXp2VDVtdjlCcw","metadata":{"@type":"type.googleapis.com/google.cloud.functions.v1.OperationMetadataV1","target":"projects/retail-assistant-demo/locations/us-central1/functions/search","type":"UPDATE_FUNCTION","request":{"@type":"type.googleapis.com/google.cloud.functions.v1.CloudFunction","name":"projects/retail-assistant-demo/locations/us-central1/functions/search","httpsTrigger":{"url":"https://us-central1-retail-assistant-demo.cloudfunctions.net/search","securityLevel":"SECURE_ALWAYS"},"status":"ACTIVE","entryPoint":"search","updateTime":"2023-03-03T03:07:13.915Z","versionId":"1","labels":{"deployment-tool":"cli-firebase","firebase-functions-hash":"2650db3a760cbaa7ef7ea4afa616a29f32803518"},"sourceUploadUrl":"https://storage.googleapis.com/uploads-509324662169.us-central1.cloudfunctions.appspot.com/70429246-ad8c-4ed2-8aa1-d2871d313b87.zip?GoogleAccessId=service-313091990397@gcf-admin-robot.iam.gserviceaccount.com&Expires=1677815547&Signature=hh2YmEsenM3FnB3EVanu%2BJwFQtorzN0vhba4YUSfckyjDTNfc5c%2BcGRpquaeiyFg8yvLXXVIwPTFhc%2Bq24JUbvKpbL7OQy6QN6%2BLN9ekEngDpCjG7uTv5zj%2BTitiX4L4AmuF0CfQm1JqpyZ3n9fjEEsgHeU0t4CVcilMbRwHWwAqx5%2FZ4LEdSS3ejH8U3eB5Og927lAM9CFPqPg0GrVCSOGmZILs8PnpA2oT7GC6nykWdOD55JAmnNGf5unF16pvvNZAVdB%2Bn%2F7oBdNyhiSD6rFa5zsBCn57RnxNOmgrQE0QfMGdZ1rrz0tdh5K%2BpGEhB%2F0WLZmS2c1FlxUu5tVAtw%3D%3D","environmentVariables":{"FIREBASE_CONFIG":"{\"projectId\":\"retail-assistant-demo\",\"storageBucket\":\"retail-assistant-demo.appspot.com\"}","GCLOUD_PROJECT":"retail-assistant-demo","EVENTARC_CLOUD_EVENT_SOURCE":"projects/retail-assistant-demo/locations/us-central1/functions/getPersonalisedProducts"},"runtime":"nodejs16","buildId":"ce043f23-1eee-4eee-b7d1-df0d21efdc2d","buildName":"projects/313091990397/locations/us-central1/builds/ce043f23-1eee-4eee-b7d1-df0d21efdc2d","dockerRegistry":"ARTIFACT_REGISTRY"},"versionId":"2","updateTime":"2023-03-03T03:22:28Z","buildId":"d096030a-8aa8-4b2a-9086-f6ddab0a8c6a","buildName":"projects/313091990397/locations/us-central1/builds/d096030a-8aa8-4b2a-9086-f6ddab0a8c6a"}}
[debug] [2023-03-03T03:22:32.697Z] [update-default-us-central1-search] Retrying task index 0
[debug] [2023-03-03T03:22:32.698Z] >>> [apiv2][query] GET https://cloudfunctions.googleapis.com/v1/operations/cmV0YWlsLWFzc2lzdGFudC1kZW1vL3VzLWNlbnRyYWwxL3NlYXJjaC9BLXp2VDVtdjlCcw [none]
[debug] [2023-03-03T03:22:32.865Z] <<< [apiv2][status] GET https://cloudfunctions.googleapis.com/v1/operations/cmV0YWlsLWFzc2lzdGFudC1kZW1vL3VzLWNlbnRyYWwxL3NlYXJjaC9BLXp2VDVtdjlCcw 200
[debug] [2023-03-03T03:22:32.865Z] <<< [apiv2][body] GET https://cloudfunctions.googleapis.com/v1/operations/cmV0YWlsLWFzc2lzdGFudC1kZW1vL3VzLWNlbnRyYWwxL3NlYXJjaC9BLXp2VDVtdjlCcw {"name":"operations/cmV0YWlsLWFzc2lzdGFudC1kZW1vL3VzLWNlbnRyYWwxL3NlYXJjaC9BLXp2VDVtdjlCcw","metadata":{"@type":"type.googleapis.com/google.cloud.functions.v1.OperationMetadataV1","target":"projects/retail-assistant-demo/locations/us-central1/functions/search","type":"UPDATE_FUNCTION","request":{"@type":"type.googleapis.com/google.cloud.functions.v1.CloudFunction","name":"projects/retail-assistant-demo/locations/us-central1/functions/search","httpsTrigger":{"url":"https://us-central1-retail-assistant-demo.cloudfunctions.net/search","securityLevel":"SECURE_ALWAYS"},"status":"ACTIVE","entryPoint":"search","updateTime":"2023-03-03T03:07:13.915Z","versionId":"1","labels":{"deployment-tool":"cli-firebase","firebase-functions-hash":"2650db3a760cbaa7ef7ea4afa616a29f32803518"},"sourceUploadUrl":"https://storage.googleapis.com/uploads-509324662169.us-central1.cloudfunctions.appspot.com/70429246-ad8c-4ed2-8aa1-d2871d313b87.zip?GoogleAccessId=service-313091990397@gcf-admin-robot.iam.gserviceaccount.com&Expires=1677815547&Signature=hh2YmEsenM3FnB3EVanu%2BJwFQtorzN0vhba4YUSfckyjDTNfc5c%2BcGRpquaeiyFg8yvLXXVIwPTFhc%2Bq24JUbvKpbL7OQy6QN6%2BLN9ekEngDpCjG7uTv5zj%2BTitiX4L4AmuF0CfQm1JqpyZ3n9fjEEsgHeU0t4CVcilMbRwHWwAqx5%2FZ4LEdSS3ejH8U3eB5Og927lAM9CFPqPg0GrVCSOGmZILs8PnpA2oT7GC6nykWdOD55JAmnNGf5unF16pvvNZAVdB%2Bn%2F7oBdNyhiSD6rFa5zsBCn57RnxNOmgrQE0QfMGdZ1rrz0tdh5K%2BpGEhB%2F0WLZmS2c1FlxUu5tVAtw%3D%3D","environmentVariables":{"FIREBASE_CONFIG":"{\"projectId\":\"retail-assistant-demo\",\"storageBucket\":\"retail-assistant-demo.appspot.com\"}","GCLOUD_PROJECT":"retail-assistant-demo","EVENTARC_CLOUD_EVENT_SOURCE":"projects/retail-assistant-demo/locations/us-central1/functions/getPersonalisedProducts"},"runtime":"nodejs16","buildId":"ce043f23-1eee-4eee-b7d1-df0d21efdc2d","buildName":"projects/313091990397/locations/us-central1/builds/ce043f23-1eee-4eee-b7d1-df0d21efdc2d","dockerRegistry":"ARTIFACT_REGISTRY"},"versionId":"2","updateTime":"2023-03-03T03:22:28Z","buildId":"d096030a-8aa8-4b2a-9086-f6ddab0a8c6a","buildName":"projects/313091990397/locations/us-central1/builds/d096030a-8aa8-4b2a-9086-f6ddab0a8c6a"}}
[debug] [2023-03-03T03:22:36.869Z] [update-default-us-central1-search] Retrying task index 0
[debug] [2023-03-03T03:22:36.869Z] >>> [apiv2][query] GET https://cloudfunctions.googleapis.com/v1/operations/cmV0YWlsLWFzc2lzdGFudC1kZW1vL3VzLWNlbnRyYWwxL3NlYXJjaC9BLXp2VDVtdjlCcw [none]
[debug] [2023-03-03T03:22:37.057Z] <<< [apiv2][status] GET https://cloudfunctions.googleapis.com/v1/operations/cmV0YWlsLWFzc2lzdGFudC1kZW1vL3VzLWNlbnRyYWwxL3NlYXJjaC9BLXp2VDVtdjlCcw 200
[debug] [2023-03-03T03:22:37.058Z] <<< [apiv2][body] GET https://cloudfunctions.googleapis.com/v1/operations/cmV0YWlsLWFzc2lzdGFudC1kZW1vL3VzLWNlbnRyYWwxL3NlYXJjaC9BLXp2VDVtdjlCcw {"name":"operations/cmV0YWlsLWFzc2lzdGFudC1kZW1vL3VzLWNlbnRyYWwxL3NlYXJjaC9BLXp2VDVtdjlCcw","metadata":{"@type":"type.googleapis.com/google.cloud.functions.v1.OperationMetadataV1","target":"projects/retail-assistant-demo/locations/us-central1/functions/search","type":"UPDATE_FUNCTION","request":{"@type":"type.googleapis.com/google.cloud.functions.v1.CloudFunction","name":"projects/retail-assistant-demo/locations/us-central1/functions/search","httpsTrigger":{"url":"https://us-central1-retail-assistant-demo.cloudfunctions.net/search","securityLevel":"SECURE_ALWAYS"},"status":"ACTIVE","entryPoint":"search","updateTime":"2023-03-03T03:07:13.915Z","versionId":"1","labels":{"deployment-tool":"cli-firebase","firebase-functions-hash":"2650db3a760cbaa7ef7ea4afa616a29f32803518"},"sourceUploadUrl":"https://storage.googleapis.com/uploads-509324662169.us-central1.cloudfunctions.appspot.com/70429246-ad8c-4ed2-8aa1-d2871d313b87.zip?GoogleAccessId=service-313091990397@gcf-admin-robot.iam.gserviceaccount.com&Expires=1677815547&Signature=hh2YmEsenM3FnB3EVanu%2BJwFQtorzN0vhba4YUSfckyjDTNfc5c%2BcGRpquaeiyFg8yvLXXVIwPTFhc%2Bq24JUbvKpbL7OQy6QN6%2BLN9ekEngDpCjG7uTv5zj%2BTitiX4L4AmuF0CfQm1JqpyZ3n9fjEEsgHeU0t4CVcilMbRwHWwAqx5%2FZ4LEdSS3ejH8U3eB5Og927lAM9CFPqPg0GrVCSOGmZILs8PnpA2oT7GC6nykWdOD55JAmnNGf5unF16pvvNZAVdB%2Bn%2F7oBdNyhiSD6rFa5zsBCn57RnxNOmgrQE0QfMGdZ1rrz0tdh5K%2BpGEhB%2F0WLZmS2c1FlxUu5tVAtw%3D%3D","environmentVariables":{"FIREBASE_CONFIG":"{\"projectId\":\"retail-assistant-demo\",\"storageBucket\":\"retail-assistant-demo.appspot.com\"}","GCLOUD_PROJECT":"retail-assistant-demo","EVENTARC_CLOUD_EVENT_SOURCE":"projects/retail-assistant-demo/locations/us-central1/functions/getPersonalisedProducts"},"runtime":"nodejs16","buildId":"ce043f23-1eee-4eee-b7d1-df0d21efdc2d","buildName":"projects/313091990397/locations/us-central1/builds/ce043f23-1eee-4eee-b7d1-df0d21efdc2d","dockerRegistry":"ARTIFACT_REGISTRY"},"versionId":"2","updateTime":"2023-03-03T03:22:28Z","buildId":"d096030a-8aa8-4b2a-9086-f6ddab0a8c6a","buildName":"projects/313091990397/locations/us-central1/builds/d096030a-8aa8-4b2a-9086-f6ddab0a8c6a"}}
[debug] [2023-03-03T03:22:45.059Z] [update-default-us-central1-search] Retrying task index 0
[debug] [2023-03-03T03:22:45.059Z] >>> [apiv2][query] GET https://cloudfunctions.googleapis.com/v1/operations/cmV0YWlsLWFzc2lzdGFudC1kZW1vL3VzLWNlbnRyYWwxL3NlYXJjaC9BLXp2VDVtdjlCcw [none]
[debug] [2023-03-03T03:22:45.246Z] <<< [apiv2][status] GET https://cloudfunctions.googleapis.com/v1/operations/cmV0YWlsLWFzc2lzdGFudC1kZW1vL3VzLWNlbnRyYWwxL3NlYXJjaC9BLXp2VDVtdjlCcw 200
[debug] [2023-03-03T03:22:45.246Z] <<< [apiv2][body] GET https://cloudfunctions.googleapis.com/v1/operations/cmV0YWlsLWFzc2lzdGFudC1kZW1vL3VzLWNlbnRyYWwxL3NlYXJjaC9BLXp2VDVtdjlCcw {"name":"operations/cmV0YWlsLWFzc2lzdGFudC1kZW1vL3VzLWNlbnRyYWwxL3NlYXJjaC9BLXp2VDVtdjlCcw","metadata":{"@type":"type.googleapis.com/google.cloud.functions.v1.OperationMetadataV1","target":"projects/retail-assistant-demo/locations/us-central1/functions/search","type":"UPDATE_FUNCTION","request":{"@type":"type.googleapis.com/google.cloud.functions.v1.CloudFunction","name":"projects/retail-assistant-demo/locations/us-central1/functions/search","httpsTrigger":{"url":"https://us-central1-retail-assistant-demo.cloudfunctions.net/search","securityLevel":"SECURE_ALWAYS"},"status":"ACTIVE","entryPoint":"search","updateTime":"2023-03-03T03:07:13.915Z","versionId":"1","labels":{"deployment-tool":"cli-firebase","firebase-functions-hash":"2650db3a760cbaa7ef7ea4afa616a29f32803518"},"sourceUploadUrl":"https://storage.googleapis.com/uploads-509324662169.us-central1.cloudfunctions.appspot.com/70429246-ad8c-4ed2-8aa1-d2871d313b87.zip?GoogleAccessId=service-313091990397@gcf-admin-robot.iam.gserviceaccount.com&Expires=1677815547&Signature=hh2YmEsenM3FnB3EVanu%2BJwFQtorzN0vhba4YUSfckyjDTNfc5c%2BcGRpquaeiyFg8yvLXXVIwPTFhc%2Bq24JUbvKpbL7OQy6QN6%2BLN9ekEngDpCjG7uTv5zj%2BTitiX4L4AmuF0CfQm1JqpyZ3n9fjEEsgHeU0t4CVcilMbRwHWwAqx5%2FZ4LEdSS3ejH8U3eB5Og927lAM9CFPqPg0GrVCSOGmZILs8PnpA2oT7GC6nykWdOD55JAmnNGf5unF16pvvNZAVdB%2Bn%2F7oBdNyhiSD6rFa5zsBCn57RnxNOmgrQE0QfMGdZ1rrz0tdh5K%2BpGEhB%2F0WLZmS2c1FlxUu5tVAtw%3D%3D","environmentVariables":{"FIREBASE_CONFIG":"{\"projectId\":\"retail-assistant-demo\",\"storageBucket\":\"retail-assistant-demo.appspot.com\"}","GCLOUD_PROJECT":"retail-assistant-demo","EVENTARC_CLOUD_EVENT_SOURCE":"projects/retail-assistant-demo/locations/us-central1/functions/getPersonalisedProducts"},"runtime":"nodejs16","buildId":"ce043f23-1eee-4eee-b7d1-df0d21efdc2d","buildName":"projects/313091990397/locations/us-central1/builds/ce043f23-1eee-4eee-b7d1-df0d21efdc2d","dockerRegistry":"ARTIFACT_REGISTRY"},"versionId":"2","updateTime":"2023-03-03T03:22:28Z","buildId":"d096030a-8aa8-4b2a-9086-f6ddab0a8c6a","buildName":"projects/313091990397/locations/us-central1/builds/d096030a-8aa8-4b2a-9086-f6ddab0a8c6a"}}
[debug] [2023-03-03T03:22:55.248Z] [update-default-us-central1-search] Retrying task index 0
[debug] [2023-03-03T03:22:55.249Z] >>> [apiv2][query] GET https://cloudfunctions.googleapis.com/v1/operations/cmV0YWlsLWFzc2lzdGFudC1kZW1vL3VzLWNlbnRyYWwxL3NlYXJjaC9BLXp2VDVtdjlCcw [none]
[debug] [2023-03-03T03:22:55.448Z] <<< [apiv2][status] GET https://cloudfunctions.googleapis.com/v1/operations/cmV0YWlsLWFzc2lzdGFudC1kZW1vL3VzLWNlbnRyYWwxL3NlYXJjaC9BLXp2VDVtdjlCcw 200
[debug] [2023-03-03T03:22:55.448Z] <<< [apiv2][body] GET https://cloudfunctions.googleapis.com/v1/operations/cmV0YWlsLWFzc2lzdGFudC1kZW1vL3VzLWNlbnRyYWwxL3NlYXJjaC9BLXp2VDVtdjlCcw {"name":"operations/cmV0YWlsLWFzc2lzdGFudC1kZW1vL3VzLWNlbnRyYWwxL3NlYXJjaC9BLXp2VDVtdjlCcw","metadata":{"@type":"type.googleapis.com/google.cloud.functions.v1.OperationMetadataV1","target":"projects/retail-assistant-demo/locations/us-central1/functions/search","type":"UPDATE_FUNCTION","request":{"@type":"type.googleapis.com/google.cloud.functions.v1.CloudFunction","name":"projects/retail-assistant-demo/locations/us-central1/functions/search","httpsTrigger":{"url":"https://us-central1-retail-assistant-demo.cloudfunctions.net/search","securityLevel":"SECURE_ALWAYS"},"status":"ACTIVE","entryPoint":"search","updateTime":"2023-03-03T03:07:13.915Z","versionId":"1","labels":{"deployment-tool":"cli-firebase","firebase-functions-hash":"2650db3a760cbaa7ef7ea4afa616a29f32803518"},"sourceUploadUrl":"https://storage.googleapis.com/uploads-509324662169.us-central1.cloudfunctions.appspot.com/70429246-ad8c-4ed2-8aa1-d2871d313b87.zip?GoogleAccessId=service-313091990397@gcf-admin-robot.iam.gserviceaccount.com&Expires=1677815547&Signature=hh2YmEsenM3FnB3EVanu%2BJwFQtorzN0vhba4YUSfckyjDTNfc5c%2BcGRpquaeiyFg8yvLXXVIwPTFhc%2Bq24JUbvKpbL7OQy6QN6%2BLN9ekEngDpCjG7uTv5zj%2BTitiX4L4AmuF0CfQm1JqpyZ3n9fjEEsgHeU0t4CVcilMbRwHWwAqx5%2FZ4LEdSS3ejH8U3eB5Og927lAM9CFPqPg0GrVCSOGmZILs8PnpA2oT7GC6nykWdOD55JAmnNGf5unF16pvvNZAVdB%2Bn%2F7oBdNyhiSD6rFa5zsBCn57RnxNOmgrQE0QfMGdZ1rrz0tdh5K%2BpGEhB%2F0WLZmS2c1FlxUu5tVAtw%3D%3D","environmentVariables":{"FIREBASE_CONFIG":"{\"projectId\":\"retail-assistant-demo\",\"storageBucket\":\"retail-assistant-demo.appspot.com\"}","GCLOUD_PROJECT":"retail-assistant-demo","EVENTARC_CLOUD_EVENT_SOURCE":"projects/retail-assistant-demo/locations/us-central1/functions/getPersonalisedProducts"},"runtime":"nodejs16","buildId":"ce043f23-1eee-4eee-b7d1-df0d21efdc2d","buildName":"projects/313091990397/locations/us-central1/builds/ce043f23-1eee-4eee-b7d1-df0d21efdc2d","dockerRegistry":"ARTIFACT_REGISTRY"},"versionId":"2","updateTime":"2023-03-03T03:22:28Z","buildId":"d096030a-8aa8-4b2a-9086-f6ddab0a8c6a","buildName":"projects/313091990397/locations/us-central1/builds/d096030a-8aa8-4b2a-9086-f6ddab0a8c6a"}}
